
> spongbobcoinpusher@0.0.0 dev
> vite --host


  VITE v6.1.0  ready in 6280 ms

  ➜  Local:   http://localhost:5173/
  ➜  Network: http://192.168.3.21:5173/
  ➜  Vue DevTools: Open http://localhost:5173/__devtools__/ as a separate window
  ➜  Vue DevTools: Press Alt(⌥)+Shift(⇧)+D in App to toggle the Vue DevTools

> spongbobcoinpusher@0.0.0 dev
> vite --host


  VITE v6.1.0  ready in 3965 ms

  ➜  Local:   http://localhost:5173/
  ➜  Network: http://192.168.3.21:5173/
  ➜  Vue DevTools: Open http://localhost:5173/__devtools__/ as a separate window
  ➜  Vue DevTools: Press Alt(⌥)+Shift(⇧)+D in App to toggle the Vue DevTools

> spongbobcoinpusher@0.0.0 dev
> vite --host


  VITE v6.1.0  ready in 8046 ms

  ➜  Local:   http://localhost:5173/
  ➜  Network: http://192.168.3.21:5173/
  ➜  Vue DevTools: Open http://localhost:5173/__devtools__/ as a separate window
  ➜  Vue DevTools: Press Alt(⌥)+Shift(⇧)+D in App to toggle the Vue DevTools

> spongbobcoinpusher@0.0.0 dev
> vite --host


  VITE v6.1.0  ready in 3823 ms

  ➜  Local:   http://localhost:5173/
  ➜  Network: http://192.168.3.21:5173/
  ➜  Vue DevTools: Open http://localhost:5173/__devtools__/ as a separate window
  ➜  Vue DevTools: Press Alt(⌥)+Shift(⇧)+D in App to toggle the Vue DevTools

> spongbobcoinpusher@0.0.0 dev
> vite --host


  VITE v6.1.0  ready in 4779 ms

  ➜  Local:   http://localhost:5173/
  ➜  Network: http://192.168.3.21:5173/
  ➜  Vue DevTools: Open http://localhost:5173/__devtools__/ as a separate window
  ➜  Vue DevTools: Press Alt(⌥)+Shift(⇧)+D in App to toggle the Vue DevTools

> spongbobcoinpusher@0.0.0 dev
> vite --host


  VITE v6.1.0  ready in 3961 ms

  ➜  Local:   http://localhost:5173/
  ➜  Network: http://192.168.3.21:5173/
  ➜  Vue DevTools: Open http://localhost:5173/__devtools__/ as a separate window
  ➜  Vue DevTools: Press Alt(⌥)+Shift(⇧)+D in App to toggle the Vue DevTools

> spongbobcoinpusher@0.0.0 dev
> vite --host


  VITE v6.1.0  ready in 4109 ms

  ➜  Local:   http://localhost:5173/
  ➜  Network: http://192.168.3.21:5173/
  ➜  Vue DevTools: Open http://localhost:5173/__devtools__/ as a separate window
  ➜  Vue DevTools: Press Alt(⌥)+Shift(⇧)+D in App to toggle the Vue DevTools

> spongbobcoinpusher@0.0.0 dev
> vite --host


  VITE v6.1.0  ready in 14481 ms

  ➜  Local:   http://localhost:5173/
  ➜  Network: http://192.168.3.21:5173/
  ➜  Vue DevTools: Open http://localhost:5173/__devtools__/ as a separate window
  ➜  Vue DevTools: Press Alt(⌥)+Shift(⇧)+D in App to toggle the Vue DevTools

> spongbobcoinpusher@0.0.0 dev
> vite --host


  VITE v6.1.0  ready in 5500 ms

  ➜  Local:   http://localhost:5173/
  ➜  Network: http://192.168.3.21:5173/
  ➜  Vue DevTools: Open http://localhost:5173/__devtools__/ as a separate window
  ➜  Vue DevTools: Press Alt(⌥)+Shift(⇧)+D in App to toggle the Vue DevTools

> spongbobcoinpusher@0.0.0 dev
> vite --host


  VITE v6.1.0  ready in 4259 ms

  ➜  Local:   http://localhost:5173/
  ➜  Network: http://192.168.3.21:5173/
  ➜  Vue DevTools: Open http://localhost:5173/__devtools__/ as a separate window
  ➜  Vue DevTools: Press Alt(⌥)+Shift(⇧)+D in App to toggle the Vue DevTools

> spongbobcoinpusher@0.0.0 dev
> vite --host


  VITE v6.1.0  ready in 5639 ms

  ➜  Local:   http://localhost:5173/
  ➜  Network: http://192.168.3.21:5173/
  ➜  Vue DevTools: Open http://localhost:5173/__devtools__/ as a separate window
  ➜  Vue DevTools: Press Alt(⌥)+Shift(⇧)+D in App to toggle the Vue DevTools

> spongbobcoinpusher@0.0.0 dev
> vite --host


  VITE v6.1.0  ready in 8426 ms

  ➜  Local:   http://localhost:5173/
  ➜  Network: http://192.168.3.21:5173/
  ➜  Vue DevTools: Open http://localhost:5173/__devtools__/ as a separate window
  ➜  Vue DevTools: Press Alt(⌥)+Shift(⇧)+D in App to toggle the Vue DevTools

> spongbobcoinpusher@0.0.0 dev
> vite --host


  VITE v6.1.0  ready in 7420 ms

  ➜  Local:   http://localhost:5173/
  ➜  Network: http://192.168.3.21:5173/
  ➜  Vue DevTools: Open http://localhost:5173/__devtools__/ as a separate window
  ➜  Vue DevTools: Press Alt(⌥)+Shift(⇧)+D in App to toggle the Vue DevTools

> spongbobcoinpusher@0.0.0 dev
> vite --host


  VITE v6.1.0  ready in 4402 ms

  ➜  Local:   http://localhost:5173/
  ➜  Network: http://192.168.3.21:5173/
  ➜  Vue DevTools: Open http://localhost:5173/__devtools__/ as a separate window
  ➜  Vue DevTools: Press Alt(⌥)+Shift(⇧)+D in App to toggle the Vue DevTools

> spongbobcoinpusher@0.0.0 dev
> vite --host


  VITE v6.1.0  ready in 3988 ms

  ➜  Local:   http://localhost:5173/
  ➜  Network: http://192.168.3.21:5173/
  ➜  Vue DevTools: Open http://localhost:5173/__devtools__/ as a separate window
  ➜  Vue DevTools: Press Alt(⌥)+Shift(⇧)+D in App to toggle the Vue DevTools

> spongbobcoinpusher@0.0.0 dev
> vite --host


  VITE v6.1.0  ready in 4126 ms

  ➜  Local:   http://localhost:5173/
  ➜  Network: http://192.168.3.21:5173/
  ➜  Vue DevTools: Open http://localhost:5173/__devtools__/ as a separate window
  ➜  Vue DevTools: Press Alt(⌥)+Shift(⇧)+D in App to toggle the Vue DevTools

> spongbobcoinpusher@0.0.0 dev
> vite --host


  VITE v6.1.0  ready in 3859 ms

  ➜  Local:   http://localhost:5173/
  ➜  Network: http://192.168.3.21:5173/
  ➜  Vue DevTools: Open http://localhost:5173/__devtools__/ as a separate window
  ➜  Vue DevTools: Press Alt(⌥)+Shift(⇧)+D in App to toggle the Vue DevTools

> spongbobcoinpusher@0.0.0 dev
> vite --host


  VITE v6.1.0  ready in 4203 ms

  ➜  Local:   http://localhost:5173/
  ➜  Network: http://192.168.3.21:5173/
  ➜  Vue DevTools: Open http://localhost:5173/__devtools__/ as a separate window
  ➜  Vue DevTools: Press Alt(⌥)+Shift(⇧)+D in App to toggle the Vue DevTools

> spongbobcoinpusher@0.0.0 dev
> vite --host


  VITE v6.1.0  ready in 4070 ms

  ➜  Local:   http://localhost:5173/
  ➜  Network: http://192.168.3.21:5173/
  ➜  Vue DevTools: Open http://localhost:5173/__devtools__/ as a separate window
  ➜  Vue DevTools: Press Alt(⌥)+Shift(⇧)+D in App to toggle the Vue DevTools

> spongbobcoinpusher@0.0.0 dev
> vite --host


  VITE v6.1.0  ready in 4020 ms

  ➜  Local:   http://localhost:5173/
  ➜  Network: http://192.168.3.21:5173/
  ➜  Vue DevTools: Open http://localhost:5173/__devtools__/ as a separate window
  ➜  Vue DevTools: Press Alt(⌥)+Shift(⇧)+D in App to toggle the Vue DevTools

> spongbobcoinpusher@0.0.0 dev
> vite --host


  VITE v6.1.0  ready in 3996 ms

  ➜  Local:   http://localhost:5173/
  ➜  Network: http://192.168.3.21:5173/
  ➜  Vue DevTools: Open http://localhost:5173/__devtools__/ as a separate window
  ➜  Vue DevTools: Press Alt(⌥)+Shift(⇧)+D in App to toggle the Vue DevTools

> spongbobcoinpusher@0.0.0 dev
> vite --host


  VITE v6.1.0  ready in 4071 ms

  ➜  Local:   http://localhost:5173/
  ➜  Network: http://192.168.3.21:5173/
  ➜  Vue DevTools: Open http://localhost:5173/__devtools__/ as a separate window
  ➜  Vue DevTools: Press Alt(⌥)+Shift(⇧)+D in App to toggle the Vue DevTools

> spongbobcoinpusher@0.0.0 dev
> vite --host


  VITE v6.1.0  ready in 4338 ms

  ➜  Local:   http://localhost:5173/
  ➜  Network: http://192.168.3.21:5173/
  ➜  Vue DevTools: Open http://localhost:5173/__devtools__/ as a separate window
  ➜  Vue DevTools: Press Alt(⌥)+Shift(⇧)+D in App to toggle the Vue DevTools

> spongbobcoinpusher@0.0.0 dev
> vite --host


  VITE v6.1.0  ready in 4258 ms

  ➜  Local:   http://localhost:5173/
  ➜  Network: http://192.168.3.21:5173/
  ➜  Vue DevTools: Open http://localhost:5173/__devtools__/ as a separate window
  ➜  Vue DevTools: Press Alt(⌥)+Shift(⇧)+D in App to toggle the Vue DevTools

> spongbobcoinpusher@0.0.0 dev
> vite --host


  VITE v6.1.0  ready in 4345 ms

  ➜  Local:   http://localhost:5173/
  ➜  Network: http://192.168.3.21:5173/
  ➜  Vue DevTools: Open http://localhost:5173/__devtools__/ as a separate window
  ➜  Vue DevTools: Press Alt(⌥)+Shift(⇧)+D in App to toggle the Vue DevTools

> spongbobcoinpusher@0.0.0 dev
> vite --host


  VITE v6.1.0  ready in 8814 ms

  ➜  Local:   http://localhost:5173/
  ➜  Network: http://192.168.3.21:5173/
  ➜  Vue DevTools: Open http://localhost:5173/__devtools__/ as a separate window
  ➜  Vue DevTools: Press Alt(⌥)+Shift(⇧)+D in App to toggle the Vue DevTools

> spongbobcoinpusher@0.0.0 dev
> vite --host


  VITE v6.1.0  ready in 3852 ms

  ➜  Local:   http://localhost:5173/
  ➜  Network: http://192.168.3.21:5173/
  ➜  Vue DevTools: Open http://localhost:5173/__devtools__/ as a separate window
  ➜  Vue DevTools: Press Alt(⌥)+Shift(⇧)+D in App to toggle the Vue DevTools

> spongbobcoinpusher@0.0.0 dev
> vite --host


  VITE v6.1.0  ready in 4141 ms

  ➜  Local:   http://localhost:5173/
  ➜  Network: http://192.168.3.21:5173/
  ➜  Vue DevTools: Open http://localhost:5173/__devtools__/ as a separate window
  ➜  Vue DevTools: Press Alt(⌥)+Shift(⇧)+D in App to toggle the Vue DevTools

> spongbobcoinpusher@0.0.0 dev
> vite --host


  VITE v6.1.0  ready in 9884 ms

  ➜  Local:   http://localhost:5173/
  ➜  Network: http://192.168.3.21:5173/
  ➜  Vue DevTools: Open http://localhost:5173/__devtools__/ as a separate window
  ➜  Vue DevTools: Press Alt(⌥)+Shift(⇧)+D in App to toggle the Vue DevTools

> spongbobcoinpusher@0.0.0 dev
> vite --host


  VITE v6.1.0  ready in 4267 ms

  ➜  Local:   http://localhost:5173/
  ➜  Network: http://192.168.3.21:5173/
  ➜  Vue DevTools: Open http://localhost:5173/__devtools__/ as a separate window
  ➜  Vue DevTools: Press Alt(⌥)+Shift(⇧)+D in App to toggle the Vue DevTools

> spongbobcoinpusher@0.0.0 dev
> vite --host


  VITE v6.1.0  ready in 5266 ms

  ➜  Local:   http://localhost:5173/
  ➜  Network: http://192.168.3.21:5173/
  ➜  Vue DevTools: Open http://localhost:5173/__devtools__/ as a separate window
  ➜  Vue DevTools: Press Alt(⌥)+Shift(⇧)+D in App to toggle the Vue DevTools

> spongbobcoinpusher@0.0.0 dev
> vite --host


  VITE v6.1.0  ready in 5677 ms

  ➜  Local:   http://localhost:5173/
  ➜  Network: http://192.168.3.21:5173/
  ➜  Vue DevTools: Open http://localhost:5173/__devtools__/ as a separate window
  ➜  Vue DevTools: Press Alt(⌥)+Shift(⇧)+D in App to toggle the Vue DevTools

> spongbobcoinpusher@0.0.0 dev
> vite --host


  VITE v6.1.0  ready in 4204 ms

  ➜  Local:   http://localhost:5173/
  ➜  Network: http://192.168.3.21:5173/
  ➜  Vue DevTools: Open http://localhost:5173/__devtools__/ as a separate window
  ➜  Vue DevTools: Press Alt(⌥)+Shift(⇧)+D in App to toggle the Vue DevTools

> spongbobcoinpusher@0.0.0 dev
> vite --host


  VITE v6.1.0  ready in 6815 ms

  ➜  Local:   http://localhost:5173/
  ➜  Network: http://192.168.3.21:5173/
  ➜  Vue DevTools: Open http://localhost:5173/__devtools__/ as a separate window
  ➜  Vue DevTools: Press Alt(⌥)+Shift(⇧)+D in App to toggle the Vue DevTools

> spongbobcoinpusher@0.0.0 dev
> vite --host


  VITE v6.1.0  ready in 7283 ms

  ➜  Local:   http://localhost:5173/
  ➜  Network: http://192.168.3.21:5173/
  ➜  Vue DevTools: Open http://localhost:5173/__devtools__/ as a separate window
  ➜  Vue DevTools: Press Alt(⌥)+Shift(⇧)+D in App to toggle the Vue DevTools

> spongbobcoinpusher@0.0.0 dev
> vite --host


  VITE v6.1.0  ready in 7405 ms

  ➜  Local:   http://localhost:5173/
  ➜  Network: http://192.168.3.21:5173/
  ➜  Vue DevTools: Open http://localhost:5173/__devtools__/ as a separate window
  ➜  Vue DevTools: Press Alt(⌥)+Shift(⇧)+D in App to toggle the Vue DevTools

> spongbobcoinpusher@0.0.0 dev
> vite --host


  VITE v6.1.0  ready in 6837 ms

  ➜  Local:   http://localhost:5173/
  ➜  Network: http://192.168.3.21:5173/
  ➜  Vue DevTools: Open http://localhost:5173/__devtools__/ as a separate window
  ➜  Vue DevTools: Press Alt(⌥)+Shift(⇧)+D in App to toggle the Vue DevTools

> spongbobcoinpusher@0.0.0 dev
> vite --host


  VITE v6.1.0  ready in 6839 ms

  ➜  Local:   http://localhost:5173/
  ➜  Network: http://192.168.3.21:5173/
  ➜  Vue DevTools: Open http://localhost:5173/__devtools__/ as a separate window
  ➜  Vue DevTools: Press Alt(⌥)+Shift(⇧)+D in App to toggle the Vue DevTools

> spongbobcoinpusher@0.0.0 dev
> vite --host


  VITE v6.1.0  ready in 8506 ms

  ➜  Local:   http://localhost:5173/
  ➜  Network: http://192.168.3.21:5173/
  ➜  Vue DevTools: Open http://localhost:5173/__devtools__/ as a separate window
  ➜  Vue DevTools: Press Alt(⌥)+Shift(⇧)+D in App to toggle the Vue DevTools

> spongbobcoinpusher@0.0.0 dev
> vite --host


  VITE v6.1.0  ready in 9666 ms

  ➜  Local:   http://localhost:5173/
  ➜  Network: http://192.168.3.21:5173/
  ➜  Vue DevTools: Open http://localhost:5173/__devtools__/ as a separate window
  ➜  Vue DevTools: Press Alt(⌥)+Shift(⇧)+D in App to toggle the Vue DevTools

> spongbobcoinpusher@0.0.0 dev
> vite --host


  VITE v6.1.0  ready in 6020 ms

  ➜  Local:   http://localhost:5173/
  ➜  Network: http://192.168.3.21:5173/
  ➜  Vue DevTools: Open http://localhost:5173/__devtools__/ as a separate window
  ➜  Vue DevTools: Press Alt(⌥)+Shift(⇧)+D in App to toggle the Vue DevTools

> spongbobcoinpusher@0.0.0 dev
> vite --host


  VITE v6.1.0  ready in 4253 ms

  ➜  Local:   http://localhost:5173/
  ➜  Network: http://192.168.3.21:5173/
  ➜  Vue DevTools: Open http://localhost:5173/__devtools__/ as a separate window
  ➜  Vue DevTools: Press Alt(⌥)+Shift(⇧)+D in App to toggle the Vue DevTools

> spongbobcoinpusher@0.0.0 dev
> vite --host


  VITE v6.1.0  ready in 9897 ms

  ➜  Local:   http://localhost:5173/
  ➜  Network: http://192.168.3.21:5173/
  ➜  Vue DevTools: Open http://localhost:5173/__devtools__/ as a separate window
  ➜  Vue DevTools: Press Alt(⌥)+Shift(⇧)+D in App to toggle the Vue DevTools

> spongbobcoinpusher@0.0.0 dev
> vite --host


  VITE v6.1.0  ready in 8876 ms

  ➜  Local:   http://localhost:5173/
  ➜  Network: http://192.168.3.21:5173/
  ➜  Vue DevTools: Open http://localhost:5173/__devtools__/ as a separate window
  ➜  Vue DevTools: Press Alt(⌥)+Shift(⇧)+D in App to toggle the Vue DevTools

> spongbobcoinpusher@0.0.0 dev
> vite --host


  VITE v6.1.0  ready in 5597 ms

  ➜  Local:   http://localhost:5173/
  ➜  Network: http://192.168.3.21:5173/
  ➜  Vue DevTools: Open http://localhost:5173/__devtools__/ as a separate window
  ➜  Vue DevTools: Press Alt(⌥)+Shift(⇧)+D in App to toggle the Vue DevTools

> spongbobcoinpusher@0.0.0 dev
> vite --host


  VITE v6.1.0  ready in 8965 ms

  ➜  Local:   http://localhost:5173/
  ➜  Network: http://192.168.3.21:5173/
  ➜  Vue DevTools: Open http://localhost:5173/__devtools__/ as a separate window
  ➜  Vue DevTools: Press Alt(⌥)+Shift(⇧)+D in App to toggle the Vue DevTools

> spongbobcoinpusher@0.0.0 dev
> vite --host


  VITE v6.1.0  ready in 10921 ms

  ➜  Local:   http://localhost:5173/
  ➜  Network: http://192.168.3.21:5173/
  ➜  Vue DevTools: Open http://localhost:5173/__devtools__/ as a separate window
  ➜  Vue DevTools: Press Alt(⌥)+Shift(⇧)+D in App to toggle the Vue DevTools

> spongbobcoinpusher@0.0.0 dev
> vite --host


  VITE v6.1.0  ready in 8608 ms

  ➜  Local:   http://localhost:5173/
  ➜  Network: http://192.168.3.21:5173/
  ➜  Vue DevTools: Open http://localhost:5173/__devtools__/ as a separate window
  ➜  Vue DevTools: Press Alt(⌥)+Shift(⇧)+D in App to toggle the Vue DevTools

> spongbobcoinpusher@0.0.0 dev
> vite --host


  VITE v6.1.0  ready in 10419 ms

  ➜  Local:   http://localhost:5173/
  ➜  Network: http://192.168.3.21:5173/
  ➜  Vue DevTools: Open http://localhost:5173/__devtools__/ as a separate window
  ➜  Vue DevTools: Press Alt(⌥)+Shift(⇧)+D in App to toggle the Vue DevTools

> spongbobcoinpusher@0.0.0 dev
> vite --host


  VITE v6.1.0  ready in 4389 ms

  ➜  Local:   http://localhost:5173/
  ➜  Network: http://192.168.3.21:5173/
  ➜  Vue DevTools: Open http://localhost:5173/__devtools__/ as a separate window
  ➜  Vue DevTools: Press Alt(⌥)+Shift(⇧)+D in App to toggle the Vue DevTools

> spongbobcoinpusher@0.0.0 dev
> vite --host


  VITE v6.1.0  ready in 16834 ms

  ➜  Local:   http://localhost:5173/
  ➜  Network: http://192.168.3.21:5173/
  ➜  Vue DevTools: Open http://localhost:5173/__devtools__/ as a separate window
  ➜  Vue DevTools: Press Alt(⌥)+Shift(⇧)+D in App to toggle the Vue DevTools
