
> arcade-ticket-tracker@0.0.0 dev
> vite --host


  VITE v6.3.5  ready in 3513 ms

  ➜  Local:   http://localhost:5174/
  ➜  Network: http://192.168.3.21:5174/
08:14:38 [vite] (client) hmr update /src/components/PlayerCard.vue
08:14:46 [vite] (client) hmr update /src/style.css

> arcade-ticket-tracker@0.0.0 dev
> vite --host


  VITE v6.3.5  ready in 5618 ms

  ➜  Local:   http://localhost:5174/
  ➜  Network: http://192.168.3.21:5174/
08:16:29 [vite] (client) hmr update /src/views/HomeView.vue
08:17:11 [vite] (client) hmr update /src/components/ CreateNewPlayCard.vue
08:17:31 [vite] (client) hmr update /src/components/ CreateNewPlayCard.vue
08:17:44 [vite] (client) hmr update /src/components/ CreateNewPlayCard.vue
08:18:05 [vite] (client) hmr update /src/components/ CreateNewPlayCard.vue
08:18:14 [vite] (client) hmr update /src/components/ CreateNewPlayCard.vue
08:18:26 [vite] (client) hmr update /src/components/ CreateNewPlayCard.vue
08:18:43 [vite] (client) hmr update /src/components/ CreateNewPlayCard.vue
08:19:07 [vite] (client) hmr update /src/components/ CreateNewPlayCard.vue
08:19:48 [vite] (client) hmr update /src/components/ CreateNewPlayCard.vue
08:19:57 [vite] (client) hmr update /src/components/ CreateNewPlayCard.vue
08:23:08 [vite] (client) hmr update /src/components/ CreateNewPlayCard.vue
08:23:26 [vite] (client) hmr update /src/style.css
08:25:19 [vite] (client) hmr update /src/style.css
08:25:57 [vite] (client) hmr update /src/views/HomeView.vue, /src/components/PlayerCard.vue, /src/components/ CreateNewPlayCard.vue
08:26:08 [vite] (client) hmr update /src/views/HomeView.vue, /src/components/PlayerCard.vue, /src/components/ CreateNewPlayCard.vue
08:26:08 [vite] (client) hmr update /src/views/HomeView.vue, /src/components/PlayerCard.vue, /src/components/ CreateNewPlayCard.vue
08:26:09 [vite] (client) hmr update /src/views/HomeView.vue, /src/components/PlayerCard.vue, /src/components/ CreateNewPlayCard.vue
08:26:21 [vite] (client) hmr update /src/views/HomeView.vue, /src/components/PlayerCard.vue, /src/components/ CreateNewPlayCard.vue
08:26:56 [vite] (client) hmr update /src/components/ CreateNewPlayCard.vue
08:27:14 [vite] (client) hmr update /src/components/ CreateNewPlayCard.vue
08:27:23 [vite] (client) hmr update /src/components/ CreateNewPlayCard.vue
08:27:32 [vite] (client) hmr update /src/components/ CreateNewPlayCard.vue
08:27:35 [vite] (client) hmr update /src/components/ CreateNewPlayCard.vue
08:27:54 [vite] (client) hmr update /src/components/ CreateNewPlayCard.vue
08:28:02 [vite] (client) hmr update /src/components/ CreateNewPlayCard.vue
08:28:27 [vite] (client) hmr update /src/components/ CreateNewPlayCard.vue
08:28:38 [vite] (client) hmr update /src/components/ CreateNewPlayCard.vue
08:28:58 [vite] (client) hmr update /src/style.css
08:29:05 [vite] (client) hmr update /src/components/ CreateNewPlayCard.vue
08:29:50 [vite] (client) hmr update /src/components/ CreateNewPlayCard.vue
08:30:15 [vite] (client) hmr update /src/components/ CreateNewPlayCard.vue
08:30:51 [vite] (client) hmr update /src/components/ CreateNewPlayCard.vue

> arcade-ticket-tracker@0.0.0 dev
> vite --host


  VITE v6.3.5  ready in 4498 ms

  ➜  Local:   http://localhost:5174/
  ➜  Network: http://192.168.3.21:5174/

> arcade-ticket-tracker@0.0.0 dev
> vite --host


  VITE v6.3.5  ready in 3584 ms

  ➜  Local:   http://localhost:5174/
  ➜  Network: http://192.168.3.21:5174/
08:42:30 [vite] (client) hmr update /src/components/PlayerCard.vue
08:42:30 [vite] (client) hmr update /src/components/PlayerCard.vue
08:42:43 [vite] (client) hmr update /src/components/PlayerCard.vue
08:42:53 [vite] (client) hmr update /src/components/PlayerCard.vue
08:42:55 [vite] (client) hmr update /src/components/PlayerCard.vue
08:43:16 [vite] (client) hmr update /src/style.css
08:43:20 [vite] (client) hmr update /src/style.css
08:43:22 [vite] (client) hmr update /src/components/PlayerCard.vue
08:43:32 [vite] (client) hmr update /src/components/PlayerCard.vue
08:43:42 [vite] (client) hmr update /src/components/PlayerCard.vue
08:43:43 [vite] (client) hmr update /src/components/PlayerCard.vue
08:43:57 [vite] (client) hmr update /src/components/PlayerCard.vue

> arcade-ticket-tracker@0.0.0 dev
> vite --host


  VITE v6.3.5  ready in 3790 ms

  ➜  Local:   http://localhost:5174/
  ➜  Network: http://192.168.3.21:5174/
08:51:11 [vite] (client) hmr update /src/views/HomeView.vue, /src/components/PlayerCard.vue, /src/components/ CreateNewPlayCard.vue
08:51:20 [vite] (client) hmr update /src/views/HomeView.vue, /src/components/PlayerCard.vue, /src/components/ CreateNewPlayCard.vue
08:51:30 [vite] (client) hmr update /src/views/HomeView.vue, /src/components/PlayerCard.vue, /src/components/ CreateNewPlayCard.vue
08:51:59 [vite] (client) hmr update /src/views/HomeView.vue, /src/components/PlayerCard.vue, /src/components/ CreateNewPlayCard.vue
08:53:30 [vite] (client) hmr update /src/components/ CreateNewPlayCard.vue

> arcade-ticket-tracker@0.0.0 dev
> vite --host


  VITE v6.3.5  ready in 3558 ms

  ➜  Local:   http://localhost:5174/
  ➜  Network: http://192.168.3.21:5174/

> arcade-ticket-tracker@0.0.0 dev
> vite --host


  VITE v6.3.5  ready in 3706 ms

  ➜  Local:   http://localhost:5174/
  ➜  Network: http://192.168.3.21:5174/

> arcade-ticket-tracker@0.0.0 dev
> vite --host


  VITE v6.3.5  ready in 5136 ms

  ➜  Local:   http://localhost:5174/
  ➜  Network: http://192.168.3.21:5174/

> arcade-ticket-tracker@0.0.0 dev
> vite --host


  VITE v6.3.5  ready in 3890 ms

  ➜  Local:   http://localhost:5174/
  ➜  Network: http://192.168.3.21:5174/

> arcade-ticket-tracker@0.0.0 dev
> vite --host


  VITE v6.3.5  ready in 4302 ms

  ➜  Local:   http://localhost:5174/
  ➜  Network: http://192.168.3.21:5174/
09:25:27 [vite] (client) hmr update /src/components/ CreateNewPlayCard.vue
09:25:29 [vite] (client) hmr update /src/components/ CreateNewPlayCard.vue
09:25:50 [vite] (client) hmr update /src/components/ CreateNewPlayCard.vue
09:25:57 [vite] (client) hmr update /src/components/ CreateNewPlayCard.vue
09:27:12 [vite] (client) hmr update /src/components/ CreateNewPlayCard.vue
09:30:27 [vite] (client) hmr update /src/components/ CreateNewPlayCard.vue
09:31:02 [vite] (client) hmr update /src/components/ CreateNewPlayCard.vue
09:31:14 [vite] (client) hmr update /src/components/ CreateNewPlayCard.vue
09:31:28 [vite] (client) hmr update /src/components/ CreateNewPlayCard.vue
09:31:50 [vite] (client) hmr update /src/components/ CreateNewPlayCard.vue
09:32:10 [vite] (client) hmr update /src/style.css
09:32:56 [vite] (client) hmr update /src/views/HomeView.vue?vue&type=style&index=0&scoped=b4e148ca&lang.css
09:32:56 [vite] Internal server error: /home/ryan/Documents/git/coinpusher/database/gui/src/views/HomeView.vue:2:1: Unclosed block
  Plugin: vite:vue
  File: /home/ryan/Documents/git/coinpusher/database/gui/src/views/HomeView.vue:29:1
  28 |  .home {
  29 |  
  30 |  
     |  ^
  31 |    .card-grid {
  32 |      display: flex;
      at Input.error (/home/ryan/Documents/git/coinpusher/database/gui/node_modules/postcss/lib/input.js:113:16)
      at Parser.unclosedBlock (/home/ryan/Documents/git/coinpusher/database/gui/node_modules/postcss/lib/parser.js:575:22)
      at Parser.endFile (/home/ryan/Documents/git/coinpusher/database/gui/node_modules/postcss/lib/parser.js:335:35)
      at Parser.parse (/home/ryan/Documents/git/coinpusher/database/gui/node_modules/postcss/lib/parser.js:476:10)
      at parse (/home/ryan/Documents/git/coinpusher/database/gui/node_modules/postcss/lib/parse.js:11:12)
      at new LazyResult (/home/ryan/Documents/git/coinpusher/database/gui/node_modules/postcss/lib/lazy-result.js:165:16)
      at Processor.process (/home/ryan/Documents/git/coinpusher/database/gui/node_modules/postcss/lib/processor.js:53:14)
      at doCompileStyle (/home/ryan/Documents/git/coinpusher/database/gui/node_modules/@vue/compiler-sfc/dist/compiler-sfc.cjs.js:19511:36)
      at Object.compileStyleAsync (/home/ryan/Documents/git/coinpusher/database/gui/node_modules/@vue/compiler-sfc/dist/compiler-sfc.cjs.js:19431:10)
      at transformStyle (file:///home/ryan/Documents/git/coinpusher/database/gui/node_modules/@vitejs/plugin-vue/dist/index.mjs:2832:41)
09:32:59 [vite] (client) hmr update /src/views/HomeView.vue?vue&type=style&index=0&scoped=b4e148ca&lang.css
09:33:35 [vite] (client) hmr update /src/components/ CreateNewPlayCard.vue
09:34:00 [vite] (client) hmr update /src/components/ CreateNewPlayCard.vue
09:34:11 [vite] (client) hmr update /src/components/ CreateNewPlayCard.vue

> arcade-ticket-tracker@0.0.0 dev
> vite --host


  VITE v6.3.5  ready in 4103 ms

  ➜  Local:   http://localhost:5174/
  ➜  Network: http://192.168.3.21:5174/

> arcade-ticket-tracker@0.0.0 dev
> vite --host


  VITE v6.3.5  ready in 2726 ms

  ➜  Local:   http://localhost:5174/
  ➜  Network: http://192.168.3.21:5174/

> arcade-ticket-tracker@0.0.0 dev
> vite --host


  VITE v6.3.5  ready in 3459 ms

  ➜  Local:   http://localhost:5174/
  ➜  Network: http://192.168.3.21:5174/

> arcade-ticket-tracker@0.0.0 dev
> vite --host


  VITE v6.3.5  ready in 4036 ms

  ➜  Local:   http://localhost:5174/
  ➜  Network: http://192.168.3.21:5174/

> arcade-ticket-tracker@0.0.0 dev
> vite --host


  VITE v6.3.5  ready in 3710 ms

  ➜  Local:   http://localhost:5174/
  ➜  Network: http://192.168.3.21:5174/
10:22:36 [vite] (client) hmr update /src/components/ CreateNewPlayCard.vue

> arcade-ticket-tracker@0.0.0 dev
> vite --host


  VITE v6.3.5  ready in 3377 ms

  ➜  Local:   http://localhost:5174/
  ➜  Network: http://192.168.3.21:5174/

> arcade-ticket-tracker@0.0.0 dev
> vite --host


  VITE v6.3.5  ready in 2427 ms

  ➜  Local:   http://localhost:5174/
  ➜  Network: http://192.168.3.21:5174/

> arcade-ticket-tracker@0.0.0 dev
> vite --host


> arcade-ticket-tracker@0.0.0 dev
> vite --host


  VITE v6.3.5  ready in 2858 ms

  ➜  Local:   http://localhost:5174/
  ➜  Network: http://192.168.3.21:5174/

> arcade-ticket-tracker@0.0.0 dev
> vite --host


  VITE v6.3.5  ready in 2513 ms

  ➜  Local:   http://localhost:5174/
  ➜  Network: http://192.168.3.21:5174/

> arcade-ticket-tracker@0.0.0 dev
> vite --host


  VITE v6.3.5  ready in 2922 ms

  ➜  Local:   http://localhost:5174/
  ➜  Network: http://192.168.3.21:5174/

> arcade-ticket-tracker@0.0.0 dev
> vite --host


  VITE v6.3.5  ready in 2932 ms

  ➜  Local:   http://localhost:5174/
  ➜  Network: http://192.168.3.21:5174/

> arcade-ticket-tracker@0.0.0 dev
> vite --host


  VITE v6.3.5  ready in 2967 ms

  ➜  Local:   http://localhost:5174/
  ➜  Network: http://192.168.3.21:5174/

> arcade-ticket-tracker@0.0.0 dev
> vite --host


  VITE v6.3.5  ready in 3110 ms

  ➜  Local:   http://localhost:5174/
  ➜  Network: http://192.168.3.21:5174/

> arcade-ticket-tracker@0.0.0 dev
> vite --host


  VITE v6.3.5  ready in 3122 ms

  ➜  Local:   http://localhost:5174/
  ➜  Network: http://192.168.3.21:5174/

> arcade-ticket-tracker@0.0.0 dev
> vite --host


  VITE v6.3.5  ready in 3249 ms

  ➜  Local:   http://localhost:5174/
  ➜  Network: http://192.168.3.21:5174/

> arcade-ticket-tracker@0.0.0 dev
> vite --host


  VITE v6.3.5  ready in 2852 ms

  ➜  Local:   http://localhost:5174/
  ➜  Network: http://192.168.3.21:5174/

> arcade-ticket-tracker@0.0.0 dev
> vite --host


  VITE v6.3.5  ready in 2647 ms

  ➜  Local:   http://localhost:5174/
  ➜  Network: http://192.168.3.21:5174/

> arcade-ticket-tracker@0.0.0 dev
> vite --host


  VITE v6.3.5  ready in 2884 ms

  ➜  Local:   http://localhost:5174/
  ➜  Network: http://192.168.3.21:5174/

> arcade-ticket-tracker@0.0.0 dev
> vite --host


  VITE v6.3.5  ready in 2841 ms

  ➜  Local:   http://localhost:5174/
  ➜  Network: http://192.168.3.21:5174/

> arcade-ticket-tracker@0.0.0 dev
> vite --host


  VITE v6.3.5  ready in 3078 ms

  ➜  Local:   http://localhost:5174/
  ➜  Network: http://192.168.3.21:5174/

> arcade-ticket-tracker@0.0.0 dev
> vite --host


  VITE v6.3.5  ready in 3333 ms

  ➜  Local:   http://localhost:5174/
  ➜  Network: http://192.168.3.21:5174/

> arcade-ticket-tracker@0.0.0 dev
> vite --host


  VITE v6.3.5  ready in 3140 ms

  ➜  Local:   http://localhost:5174/
  ➜  Network: http://192.168.3.21:5174/

> arcade-ticket-tracker@0.0.0 dev
> vite --host


  VITE v6.3.5  ready in 2787 ms

  ➜  Local:   http://localhost:5174/
  ➜  Network: http://192.168.3.21:5174/

> arcade-ticket-tracker@0.0.0 dev
> vite --host


  VITE v6.3.5  ready in 2993 ms

  ➜  Local:   http://localhost:5174/
  ➜  Network: http://192.168.3.21:5174/

> arcade-ticket-tracker@0.0.0 dev
> vite --host


  VITE v6.3.5  ready in 2713 ms

  ➜  Local:   http://localhost:5174/
  ➜  Network: http://192.168.3.21:5174/

> arcade-ticket-tracker@0.0.0 dev
> vite --host


  VITE v6.3.5  ready in 3071 ms

  ➜  Local:   http://localhost:5174/
  ➜  Network: http://192.168.3.21:5174/

> arcade-ticket-tracker@0.0.0 dev
> vite --host


  VITE v6.3.5  ready in 3271 ms

  ➜  Local:   http://localhost:5174/
  ➜  Network: http://192.168.3.21:5174/

> arcade-ticket-tracker@0.0.0 dev
> vite --host


  VITE v6.3.5  ready in 3172 ms

  ➜  Local:   http://localhost:5174/
  ➜  Network: http://192.168.3.21:5174/

> arcade-ticket-tracker@0.0.0 dev
> vite --host


  VITE v6.3.5  ready in 2826 ms

  ➜  Local:   http://localhost:5174/
  ➜  Network: http://192.168.3.21:5174/

> arcade-ticket-tracker@0.0.0 dev
> vite --host


  VITE v6.3.5  ready in 3268 ms

  ➜  Local:   http://localhost:5174/
  ➜  Network: http://192.168.3.21:5174/

> arcade-ticket-tracker@0.0.0 dev
> vite --host


  VITE v6.3.5  ready in 3181 ms

  ➜  Local:   http://localhost:5174/
  ➜  Network: http://192.168.3.21:5174/

> arcade-ticket-tracker@0.0.0 dev
> vite --host


  VITE v6.3.5  ready in 2964 ms

  ➜  Local:   http://localhost:5174/
  ➜  Network: http://192.168.3.21:5174/

> arcade-ticket-tracker@0.0.0 dev
> vite --host


  VITE v6.3.5  ready in 3368 ms

  ➜  Local:   http://localhost:5174/
  ➜  Network: http://192.168.3.21:5174/

> arcade-ticket-tracker@0.0.0 dev
> vite --host


  VITE v6.3.5  ready in 4094 ms

  ➜  Local:   http://localhost:5174/
  ➜  Network: http://192.168.3.21:5174/

> arcade-ticket-tracker@0.0.0 dev
> vite --host


  VITE v6.3.5  ready in 4482 ms

  ➜  Local:   http://localhost:5174/
  ➜  Network: http://192.168.3.21:5174/

> arcade-ticket-tracker@0.0.0 dev
> vite --host


  VITE v6.3.5  ready in 2686 ms

  ➜  Local:   http://localhost:5174/
  ➜  Network: http://192.168.3.21:5174/

> arcade-ticket-tracker@0.0.0 dev
> vite --host


  VITE v6.3.5  ready in 3814 ms

  ➜  Local:   http://localhost:5174/
  ➜  Network: http://192.168.3.21:5174/

> arcade-ticket-tracker@0.0.0 dev
> vite --host


  VITE v6.3.5  ready in 3848 ms

  ➜  Local:   http://localhost:5174/
  ➜  Network: http://192.168.3.21:5174/

> arcade-ticket-tracker@0.0.0 dev
> vite --host


  VITE v6.3.5  ready in 4992 ms

  ➜  Local:   http://localhost:5174/
  ➜  Network: http://192.168.3.21:5174/

> arcade-ticket-tracker@0.0.0 dev
> vite --host


  VITE v6.3.5  ready in 4717 ms

  ➜  Local:   http://localhost:5174/
  ➜  Network: http://192.168.3.21:5174/

> arcade-ticket-tracker@0.0.0 dev
> vite --host


  VITE v6.3.5  ready in 4865 ms

  ➜  Local:   http://localhost:5174/
  ➜  Network: http://192.168.3.21:5174/

> arcade-ticket-tracker@0.0.0 dev
> vite --host


  VITE v6.3.5  ready in 4643 ms

  ➜  Local:   http://localhost:5174/
  ➜  Network: http://192.168.3.21:5174/

> arcade-ticket-tracker@0.0.0 dev
> vite --host


  VITE v6.3.5  ready in 4786 ms

  ➜  Local:   http://localhost:5174/
  ➜  Network: http://192.168.3.21:5174/

> arcade-ticket-tracker@0.0.0 dev
> vite --host


  VITE v6.3.5  ready in 2983 ms

  ➜  Local:   http://localhost:5174/
  ➜  Network: http://192.168.3.21:5174/

> arcade-ticket-tracker@0.0.0 dev
> vite --host


  VITE v6.3.5  ready in 3140 ms

  ➜  Local:   http://localhost:5174/
  ➜  Network: http://192.168.3.21:5174/

> arcade-ticket-tracker@0.0.0 dev
> vite --host


  VITE v6.3.5  ready in 2874 ms

  ➜  Local:   http://localhost:5174/
  ➜  Network: http://192.168.3.21:5174/

> arcade-ticket-tracker@0.0.0 dev
> vite --host


  VITE v6.3.5  ready in 5308 ms

  ➜  Local:   http://localhost:5174/
  ➜  Network: http://192.168.3.21:5174/
